Log file open, 12/04/19 09:11:04
LogWindows: Failed to load 'aqProf.dll' (GetLastError=126)
LogWindows: File 'aqProf.dll' does not exist
LogWindows: Failed to load 'VtuneApi.dll' (GetLastError=126)
LogWindows: File 'VtuneApi.dll' does not exist
LogWindows: Failed to load 'VtuneApi32e.dll' (GetLastError=126)
LogWindows: File 'VtuneApi32e.dll' does not exist
LogConsoleResponse: Display: Failed to find resolution value strings in scalability ini. Falling back to default.
LogInit: Display: Running engine for game: SurviveVenus
LogPlatformFile: Not using cached read wrapper
LogTaskGraph: Started task graph with 5 named threads and 35 total threads with 3 sets of task threads.
LogStats: Stats thread started at 0.833695
LogD3D11RHI: Loaded GFSDK_Aftermath_Lib.x64.dll
LogICUInternationalization: ICU TimeZone Detection - Raw Offset: -5:00, Platform Override: ''
LogPluginManager: Mounting plugin Paper2D
LogPluginManager: Mounting plugin AISupport
LogPluginManager: Mounting plugin LightPropagationVolume
LogPluginManager: Mounting plugin ActorLayerUtilities
LogPluginManager: Mounting plugin AnimationSharing
LogPluginManager: Mounting plugin CLionSourceCodeAccess
LogPluginManager: Mounting plugin CodeLiteSourceCodeAccess
LogPluginManager: Mounting plugin GitSourceControl
LogPluginManager: Mounting plugin KDevelopSourceCodeAccess
LogPluginManager: Mounting plugin NullSourceCodeAccess
LogPluginManager: Mounting plugin PerforceSourceControl
LogPluginManager: Mounting plugin SubversionSourceControl
LogPluginManager: Mounting plugin UObjectPlugin
LogPluginManager: Mounting plugin VisualStudioCodeSourceCodeAccess
LogPluginManager: Mounting plugin VisualStudioSourceCodeAccess
LogPluginManager: Mounting plugin XCodeSourceCodeAccess
LogPluginManager: Mounting plugin AssetManagerEditor
LogPluginManager: Mounting plugin CryptoKeys
LogPluginManager: Mounting plugin CurveEditorTools
LogPluginManager: Mounting plugin DataValidation
LogPluginManager: Mounting plugin EditorScriptingUtilities
LogPluginManager: Mounting plugin FacialAnimation
LogPluginManager: Mounting plugin GameplayTagsEditor
LogPluginManager: Mounting plugin GLTFImporter
LogPluginManager: Mounting plugin MacGraphicsSwitching
LogPluginManager: Mounting plugin MaterialAnalyzer
LogPluginManager: Mounting plugin MeshEditor
LogPluginManager: Mounting plugin MobileLauncherProfileWizard
LogPluginManager: Mounting plugin PluginBrowser
LogPluginManager: Mounting plugin SpeedTreeImporter
LogPluginManager: Mounting plugin DatasmithContent
LogPluginManager: Mounting plugin VariantManagerContent
LogPluginManager: Mounting plugin AlembicImporter
LogPluginManager: Mounting plugin AutomationUtils
LogPluginManager: Mounting plugin BackChannel
LogPluginManager: Mounting plugin BlastPlugin
LogPluginManager: Mounting plugin ChaosSolverPlugin
LogPluginManager: Mounting plugin CharacterAI
LogPluginManager: Mounting plugin DataPrepEditor
LogPluginManager: Mounting plugin GeometryCache
LogPluginManager: Mounting plugin GeometryCollectionPlugin
LogPluginManager: Mounting plugin HTML5Networking
LogPluginManager: Mounting plugin PlatformCrypto
LogPluginManager: Mounting plugin ProxyLODPlugin
LogPluginManager: Mounting plugin SkeletalReduction
LogPluginManager: Mounting plugin MagicLeap
LogPluginManager: Mounting plugin MagicLeapMedia
LogPluginManager: Mounting plugin AndroidMedia
LogPluginManager: Mounting plugin AvfMedia
LogPluginManager: Mounting plugin ImgMedia
LogPluginManager: Mounting plugin MediaCompositing
LogPluginManager: Mounting plugin MediaPlayerEditor
LogPluginManager: Mounting plugin WebMMedia
LogPluginManager: Mounting plugin WmfMedia
LogPluginManager: Mounting plugin TcpMessaging
LogPluginManager: Mounting plugin UdpMessaging
LogPluginManager: Mounting plugin ActorSequence
LogPluginManager: Mounting plugin LevelSequenceEditor
LogPluginManager: Mounting plugin MatineeToLevelSequence
LogPluginManager: Mounting plugin NetcodeUnitTest
LogPluginManager: Mounting plugin NUTUnrealEngine4
LogPluginManager: Mounting plugin OnlineSubsystemGooglePlay
LogPluginManager: Mounting plugin OnlineSubsystemIOS
LogPluginManager: Mounting plugin OnlineSubsystem
LogPluginManager: Mounting plugin OnlineSubsystemNull
LogPluginManager: Mounting plugin OnlineSubsystemUtils
LogPluginManager: Mounting plugin LauncherChunkInstaller
LogPluginManager: Mounting plugin AndroidDeviceProfileSelector
LogPluginManager: Mounting plugin AndroidMoviePlayer
LogPluginManager: Mounting plugin AndroidPermission
LogPluginManager: Mounting plugin AppleImageUtils
LogPluginManager: Mounting plugin AppleMoviePlayer
LogPluginManager: Mounting plugin ArchVisCharacter
LogPluginManager: Mounting plugin AudioCapture
LogPluginManager: Mounting plugin CableComponent
LogPluginManager: Mounting plugin CustomMeshComponent
LogPluginManager: Mounting plugin EditableMesh
LogPluginManager: Mounting plugin ExampleDeviceProfileSelector
LogPluginManager: Mounting plugin GoogleCloudMessaging
LogPluginManager: Mounting plugin IOSDeviceProfileSelector
LogPluginManager: Mounting plugin LinuxDeviceProfileSelector
LogPluginManager: Mounting plugin LocationServicesBPLibrary
LogPluginManager: Mounting plugin MobilePatchingUtils
LogPluginManager: Mounting plugin OculusVR
LogPluginManager: Mounting plugin PhysXVehicles
LogPluginManager: Mounting plugin ProceduralMeshComponent
LogPluginManager: Mounting plugin RuntimePhysXCooking
LogPluginManager: Mounting plugin SignificanceManager
LogPluginManager: Mounting plugin SteamVR
LogPluginManager: Mounting plugin WebMMoviePlayer
LogPluginManager: Mounting plugin WindowsMoviePlayer
LogPluginManager: Mounting plugin ScreenshotTools
LogPluginManager: Mounting plugin DatasmithC4DImporter
LogPluginManager: Mounting plugin DatasmithCADImporter
LogPluginManager: Mounting plugin DatasmithFBXImporter
LogPluginManager: Mounting plugin DatasmithGLTFImporter
LogPluginManager: Mounting plugin DatasmithIFCImporter
LogPluginManager: Mounting plugin DatasmithImporter
LogPluginManager: Mounting plugin MDLImporter
LogPluginManager: Mounting plugin StaticMeshEditorExtension
LogPluginManager: Mounting plugin VariantManager
LogInit: Using libcurl 7.55.1-DEV
LogInit:  - built for x86_64-pc-win32
LogInit:  - supports SSL with OpenSSL/1.1.1
LogInit:  - supports HTTP deflate (compression) using libz 1.2.8
LogInit:  - other features:
LogInit:      CURL_VERSION_SSL
LogInit:      CURL_VERSION_LIBZ
LogInit:      CURL_VERSION_IPV6
LogInit:      CURL_VERSION_ASYNCHDNS
LogInit:      CURL_VERSION_LARGEFILE
LogInit:      CURL_VERSION_IDN
LogInit:  CurlRequestOptions (configurable via config and command line):
LogInit:  - bVerifyPeer = true  - Libcurl will verify peer certificate
LogInit:  - bUseHttpProxy = false  - Libcurl will NOT use HTTP proxy
LogInit:  - bDontReuseConnections = false  - Libcurl will reuse connections
LogInit:  - MaxHostConnections = 16  - Libcurl will limit the number of connections to a host
LogInit:  - LocalHostAddr = Default
LogInit:  - BufferSize = 65536
LogOnline: OSS: Creating online subsystem instance for: NULL
LogInit: WinSock: version 1.1 (2.2), MaxSocks=32767, MaxUdp=65467
LogInit: Build: ++UE4+Release-4.23-CL-9631420
LogInit: Engine Version: 4.23.1-9631420+++UE4+Release-4.23
LogInit: Compatible Engine Version: 4.23.0-8386587+++UE4+Release-4.23
LogInit: Net CL: 8386587
LogInit: OS: Windows 10 (Release 1903) (), CPU: Intel(R) Core(TM) i7-9750H CPU @ 2.60GHz, GPU: NVIDIA GeForce RTX 2070 with Max-Q Design
LogInit: Compiled (64-bit): Oct 18 2019 02:07:44
LogInit: Compiled with Visual C++: 19.16.27030.01
LogInit: Build Configuration: Development
LogInit: Branch Name: ++UE4+Release-4.23
LogInit: Command Line: 
LogInit: Base Directory: C:/Program Files/Epic Games/UE_4.23/Engine/Binaries/Win64/
LogInit: Installed Engine Build: 1
LogDevObjectVersion: Number of dev versions registered: 23
LogDevObjectVersion:   Dev-Blueprints (B0D832E4-1F89-4F0D-ACCF-7EB736FD4AA2): 10
LogDevObjectVersion:   Dev-Build (E1C64328-A22C-4D53-A36C-8E866417BD8C): 0
LogDevObjectVersion:   Dev-Core (375EC13C-06E4-48FB-B500-84F0262A717E): 3
LogDevObjectVersion:   Dev-Editor (E4B068ED-F494-42E9-A231-DA0B2E46BB41): 34
LogDevObjectVersion:   Dev-Framework (CFFC743F-43B0-4480-9391-14DF171D2073): 35
LogDevObjectVersion:   Dev-Mobile (B02B49B5-BB20-44E9-A304-32B752E40360): 2
LogDevObjectVersion:   Dev-Networking (A4E4105C-59A1-49B5-A7C5-40C4547EDFEE): 0
LogDevObjectVersion:   Dev-Online (39C831C9-5AE6-47DC-9A44-9C173E1C8E7C): 0
LogDevObjectVersion:   Dev-Physics (78F01B33-EBEA-4F98-B9B4-84EACCB95AA2): 0
LogDevObjectVersion:   Dev-Platform (6631380F-2D4D-43E0-8009-CF276956A95A): 0
LogDevObjectVersion:   Dev-Rendering (12F88B9F-8875-4AFC-A67C-D90C383ABD29): 31
LogDevObjectVersion:   Dev-Sequencer (7B5AE74C-D270-4C10-A958-57980B212A5A): 11
LogDevObjectVersion:   Dev-VR (D7296918-1DD6-4BDD-9DE2-64A83CC13884): 2
LogDevObjectVersion:   Dev-LoadTimes (C2A15278-BFE7-4AFE-6C17-90FF531DF755): 1
LogDevObjectVersion:   Private-Geometry (6EACA3D4-40EC-4CC1-B786-8BED09428FC5): 3
LogDevObjectVersion:   Dev-AnimPhys (29E575DD-E0A3-4627-9D10-D276232CDCEA): 17
LogDevObjectVersion:   Dev-Anim (AF43A65D-7FD3-4947-9873-3E8ED9C1BB05): 2
LogDevObjectVersion:   Dev-ReflectionCapture (6B266CEC-1EC7-4B8F-A30B-E4D90942FC07): 1
LogDevObjectVersion:   Dev-Automation (0DF73D61-A23F-47EA-B727-89E90C41499A): 1
LogDevObjectVersion:   FortniteMain (601D1886-AC64-4F84-AA16-D3DE0DEAC7D6): 27
LogDevObjectVersion:   Dev-Enterprise (9DFFBCD6-494F-0158-E221-12823C92A888): 6
LogDevObjectVersion:   Dev-Niagara (F2AED0AC-9AFE-416F-8664-AA7FFA26D6FC): 1
LogDevObjectVersion:   Dev-Destruction (174F1F0B-B4C6-45A5-B13F-2EE8D0FB917D): 9
LogInit: Presizing for max 16777216 objects, including 0 objects not considered by GC, pre-allocating 0 bytes for permanent pool.
LogInit: Object subsystem initialized
LogConfig: Setting CVar [[con.DebugEarlyDefault:1]]
LogConfig: Setting CVar [[r.setres:1280x720]]
[2019.12.04-14.11.06:096][  0]LogConfig: Setting CVar [[r.VSync:0]]
[2019.12.04-14.11.06:096][  0]LogConfig: Setting CVar [[r.RHICmdBypass:0]]
[2019.12.04-14.11.06:097][  0]LogConfig: Applying CVar settings from Section [/Script/Engine.RendererSettings] File [D:/Unreal/SurviveVenus/SurviveVenus/Saved/Config/Windows/Engine.ini]
[2019.12.04-14.11.06:097][  0]LogConfig: Setting CVar [[r.GPUCrashDebugging:0]]
[2019.12.04-14.11.06:097][  0]LogConfig: Applying CVar settings from Section [/Script/Engine.RendererOverrideSettings] File [D:/Unreal/SurviveVenus/SurviveVenus/Saved/Config/Windows/Engine.ini]
[2019.12.04-14.11.06:097][  0]LogConfig: Applying CVar settings from Section [/Script/Engine.StreamingSettings] File [D:/Unreal/SurviveVenus/SurviveVenus/Saved/Config/Windows/Engine.ini]
[2019.12.04-14.11.06:097][  0]LogConfig: Setting CVar [[s.MinBulkDataSizeForAsyncLoading:131072]]
[2019.12.04-14.11.06:097][  0]LogConfig: Setting CVar [[s.AsyncLoadingThreadEnabled:0]]
[2019.12.04-14.11.06:097][  0]LogConfig: Setting CVar [[s.EventDrivenLoaderEnabled:1]]
[2019.12.04-14.11.06:097][  0]LogConfig: Setting CVar [[s.WarnIfTimeLimitExceeded:0]]
[2019.12.04-14.11.06:097][  0]LogConfig: Setting CVar [[s.TimeLimitExceededMultiplier:1.5]]
[2019.12.04-14.11.06:097][  0]LogConfig: Setting CVar [[s.TimeLimitExceededMinTime:0.005]]
[2019.12.04-14.11.06:097][  0]LogConfig: Setting CVar [[s.UseBackgroundLevelStreaming:1]]
[2019.12.04-14.11.06:097][  0]LogConfig: Setting CVar [[s.PriorityAsyncLoadingExtraTime:15.0]]
[2019.12.04-14.11.06:097][  0]LogConfig: Setting CVar [[s.LevelStreamingActorsUpdateTimeLimit:5.0]]
[2019.12.04-14.11.06:097][  0]LogConfig: Setting CVar [[s.PriorityLevelStreamingActorsUpdateExtraTime:5.0]]
[2019.12.04-14.11.06:097][  0]LogConfig: Setting CVar [[s.LevelStreamingComponentsRegistrationGranularity:10]]
[2019.12.04-14.11.06:097][  0]LogConfig: Setting CVar [[s.UnregisterComponentsTimeLimit:1.0]]
[2019.12.04-14.11.06:098][  0]LogConfig: Setting CVar [[s.LevelStreamingComponentsUnregistrationGranularity:5]]
[2019.12.04-14.11.06:098][  0]LogConfig: Applying CVar settings from Section [/Script/Engine.GarbageCollectionSettings] File [D:/Unreal/SurviveVenus/SurviveVenus/Saved/Config/Windows/Engine.ini]
[2019.12.04-14.11.06:098][  0]LogConfig: Setting CVar [[gc.MaxObjectsNotConsideredByGC:1]]
[2019.12.04-14.11.06:098][  0]LogConfig: Setting CVar [[gc.SizeOfPermanentObjectPool:0]]
[2019.12.04-14.11.06:098][  0]LogConfig: Setting CVar [[gc.FlushStreamingOnGC:0]]
[2019.12.04-14.11.06:098][  0]LogConfig: Setting CVar [[gc.NumRetriesBeforeForcingGC:10]]
[2019.12.04-14.11.06:098][  0]LogConfig: Setting CVar [[gc.AllowParallelGC:1]]
[2019.12.04-14.11.06:098][  0]LogConfig: Setting CVar [[gc.TimeBetweenPurgingPendingKillObjects:61.1]]
[2019.12.04-14.11.06:098][  0]LogConfig: Setting CVar [[gc.MaxObjectsInEditor:16777216]]
[2019.12.04-14.11.06:098][  0]LogConfig: Setting CVar [[gc.IncrementalBeginDestroyEnabled:1]]
[2019.12.04-14.11.06:098][  0]LogConfig: Setting CVar [[gc.CreateGCClusters:1]]
[2019.12.04-14.11.06:098][  0]LogConfig: Setting CVar [[gc.MinGCClusterSize:5]]
[2019.12.04-14.11.06:098][  0]LogConfig: Setting CVar [[gc.ActorClusteringEnabled:0]]
[2019.12.04-14.11.06:098][  0]LogConfig: Setting CVar [[gc.BlueprintClusteringEnabled:0]]
[2019.12.04-14.11.06:098][  0]LogConfig: Setting CVar [[gc.UseDisregardForGCOnDedicatedServers:0]]
[2019.12.04-14.11.06:098][  0]LogConfig: Applying CVar settings from Section [/Script/Engine.NetworkSettings] File [D:/Unreal/SurviveVenus/SurviveVenus/Saved/Config/Windows/Engine.ini]
[2019.12.04-14.11.06:098][  0]LogConfig: Applying CVar settings from Section [/Script/UnrealEd.CookerSettings] File [D:/Unreal/SurviveVenus/SurviveVenus/Saved/Config/Windows/Engine.ini]
[2019.12.04-14.11.06:110][  0]LogConfig: Applying CVar settings from Section [ViewDistanceQuality@3] File [D:/Unreal/SurviveVenus/SurviveVenus/Saved/Config/Windows/Scalability.ini]
[2019.12.04-14.11.06:110][  0]LogConfig: Setting CVar [[r.SkeletalMeshLODBias:0]]
[2019.12.04-14.11.06:110][  0]LogConfig: Setting CVar [[r.ViewDistanceScale:1.0]]
[2019.12.04-14.11.06:110][  0]LogConfig: Applying CVar settings from Section [AntiAliasingQuality@3] File [D:/Unreal/SurviveVenus/SurviveVenus/Saved/Config/Windows/Scalability.ini]
[2019.12.04-14.11.06:110][  0]LogConfig: Setting CVar [[r.PostProcessAAQuality:4]]
[2019.12.04-14.11.06:110][  0]LogConfig: Applying CVar settings from Section [ShadowQuality@3] File [D:/Unreal/SurviveVenus/SurviveVenus/Saved/Config/Windows/Scalability.ini]
[2019.12.04-14.11.06:110][  0]LogConfig: Setting CVar [[r.LightFunctionQuality:1]]
[2019.12.04-14.11.06:110][  0]LogConfig: Setting CVar [[r.ShadowQuality:5]]
[2019.12.04-14.11.06:110][  0]LogConfig: Setting CVar [[r.Shadow.CSM.MaxCascades:10]]
[2019.12.04-14.11.06:110][  0]LogConfig: Setting CVar [[r.Shadow.MaxResolution:2048]]
[2019.12.04-14.11.06:110][  0]LogConfig: Setting CVar [[r.Shadow.MaxCSMResolution:2048]]
[2019.12.04-14.11.06:110][  0]LogConfig: Setting CVar [[r.Shadow.RadiusThreshold:0.01]]
[2019.12.04-14.11.06:110][  0]LogConfig: Setting CVar [[r.Shadow.DistanceScale:1.0]]
[2019.12.04-14.11.06:110][  0]LogConfig: Setting CVar [[r.Shadow.CSM.TransitionScale:1.0]]
[2019.12.04-14.11.06:111][  0]LogConfig: Setting CVar [[r.Shadow.PreShadowResolutionFactor:1.0]]
[2019.12.04-14.11.06:111][  0]LogConfig: Setting CVar [[r.DistanceFieldShadowing:1]]
[2019.12.04-14.11.06:111][  0]LogConfig: Setting CVar [[r.DistanceFieldAO:1]]
[2019.12.04-14.11.06:111][  0]LogConfig: Setting CVar [[r.AOQuality:2]]
[2019.12.04-14.11.06:111][  0]LogConfig: Setting CVar [[r.VolumetricFog:1]]
[2019.12.04-14.11.06:111][  0]LogConfig: Setting CVar [[r.VolumetricFog.GridPixelSize:8]]
[2019.12.04-14.11.06:111][  0]LogConfig: Setting CVar [[r.VolumetricFog.GridSizeZ:128]]
[2019.12.04-14.11.06:111][  0]LogConfig: Setting CVar [[r.VolumetricFog.HistoryMissSupersampleCount:4]]
[2019.12.04-14.11.06:111][  0]LogConfig: Setting CVar [[r.LightMaxDrawDistanceScale:1]]
[2019.12.04-14.11.06:111][  0]LogConfig: Setting CVar [[r.CapsuleShadows:1]]
[2019.12.04-14.11.06:111][  0]LogConfig: Applying CVar settings from Section [PostProcessQuality@3] File [D:/Unreal/SurviveVenus/SurviveVenus/Saved/Config/Windows/Scalability.ini]
[2019.12.04-14.11.06:111][  0]LogConfig: Setting CVar [[r.MotionBlurQuality:4]]
[2019.12.04-14.11.06:111][  0]LogConfig: Setting CVar [[r.AmbientOcclusionMipLevelFactor:0.4]]
[2019.12.04-14.11.06:111][  0]LogConfig: Setting CVar [[r.AmbientOcclusionMaxQuality:100]]
[2019.12.04-14.11.06:111][  0]LogConfig: Setting CVar [[r.AmbientOcclusionLevels:-1]]
[2019.12.04-14.11.06:111][  0]LogConfig: Setting CVar [[r.AmbientOcclusionRadiusScale:1.0]]
[2019.12.04-14.11.06:111][  0]LogConfig: Setting CVar [[r.DepthOfFieldQuality:2]]
[2019.12.04-14.11.06:111][  0]LogConfig: Setting CVar [[r.RenderTargetPoolMin:400]]
[2019.12.04-14.11.06:111][  0]LogConfig: Setting CVar [[r.LensFlareQuality:2]]
[2019.12.04-14.11.06:111][  0]LogConfig: Setting CVar [[r.SceneColorFringeQuality:1]]
[2019.12.04-14.11.06:112][  0]LogConfig: Setting CVar [[r.EyeAdaptationQuality:2]]
[2019.12.04-14.11.06:112][  0]LogConfig: Setting CVar [[r.BloomQuality:5]]
[2019.12.04-14.11.06:112][  0]LogConfig: Setting CVar [[r.FastBlurThreshold:100]]
[2019.12.04-14.11.06:112][  0]LogConfig: Setting CVar [[r.Upscale.Quality:3]]
[2019.12.04-14.11.06:112][  0]LogConfig: Setting CVar [[r.Tonemapper.GrainQuantization:1]]
[2019.12.04-14.11.06:112][  0]LogConfig: Setting CVar [[r.LightShaftQuality:1]]
[2019.12.04-14.11.06:112][  0]LogConfig: Setting CVar [[r.Filter.SizeScale:1]]
[2019.12.04-14.11.06:112][  0]LogConfig: Setting CVar [[r.Tonemapper.Quality:5]]
[2019.12.04-14.11.06:112][  0]LogConfig: Setting CVar [[r.DOF.Gather.AccumulatorQuality:1        ; higher gathering accumulator quality]]
[2019.12.04-14.11.06:112][  0]LogConfig: Setting CVar [[r.DOF.Gather.PostfilterMethod:1          ; Median3x3 postfilering method]]
[2019.12.04-14.11.06:112][  0]LogConfig: Setting CVar [[r.DOF.Gather.EnableBokehSettings:0       ; no bokeh simulation when gathering]]
[2019.12.04-14.11.06:112][  0]LogConfig: Setting CVar [[r.DOF.Gather.RingCount:4                 ; medium number of samples when gathering]]
[2019.12.04-14.11.06:112][  0]LogConfig: Setting CVar [[r.DOF.Scatter.ForegroundCompositing:1    ; additive foreground scattering]]
[2019.12.04-14.11.06:112][  0]LogConfig: Setting CVar [[r.DOF.Scatter.BackgroundCompositing:2    ; additive background scattering]]
[2019.12.04-14.11.06:112][  0]LogConfig: Setting CVar [[r.DOF.Scatter.EnableBokehSettings:1      ; bokeh simulation when scattering]]
[2019.12.04-14.11.06:112][  0]LogConfig: Setting CVar [[r.DOF.Scatter.MaxSpriteRatio:0.1         ; only a maximum of 10% of scattered bokeh]]
[2019.12.04-14.11.06:112][  0]LogConfig: Setting CVar [[r.DOF.Recombine.Quality:1                ; cheap slight out of focus]]
[2019.12.04-14.11.06:112][  0]LogConfig: Setting CVar [[r.DOF.Recombine.EnableBokehSettings:0    ; no bokeh simulation on slight out of focus]]
[2019.12.04-14.11.06:112][  0]LogConfig: Setting CVar [[r.DOF.TemporalAAQuality:1                ; more stable temporal accumulation]]
[2019.12.04-14.11.06:112][  0]LogConfig: Setting CVar [[r.DOF.Kernel.MaxForegroundRadius:0.025]]
[2019.12.04-14.11.06:113][  0]LogConfig: Setting CVar [[r.DOF.Kernel.MaxBackgroundRadius:0.025]]
[2019.12.04-14.11.06:113][  0]LogConfig: Applying CVar settings from Section [TextureQuality@3] File [D:/Unreal/SurviveVenus/SurviveVenus/Saved/Config/Windows/Scalability.ini]
[2019.12.04-14.11.06:113][  0]LogConfig: Setting CVar [[r.Streaming.MipBias:0]]
[2019.12.04-14.11.06:113][  0]LogConfig: Setting CVar [[r.Streaming.AmortizeCPUToGPUCopy:0]]
[2019.12.04-14.11.06:113][  0]LogConfig: Setting CVar [[r.Streaming.MaxNumTexturesToStreamPerFrame:0]]
[2019.12.04-14.11.06:113][  0]LogConfig: Setting CVar [[r.Streaming.Boost:1]]
[2019.12.04-14.11.06:113][  0]LogConfig: Setting CVar [[r.MaxAnisotropy:8]]
[2019.12.04-14.11.06:113][  0]LogConfig: Setting CVar [[r.Streaming.LimitPoolSizeToVRAM:0]]
[2019.12.04-14.11.06:113][  0]LogConfig: Setting CVar [[r.Streaming.PoolSize:1000]]
[2019.12.04-14.11.06:113][  0]LogConfig: Setting CVar [[r.Streaming.MaxEffectiveScreenSize:0]]
[2019.12.04-14.11.06:113][  0]LogConfig: Applying CVar settings from Section [EffectsQuality@3] File [D:/Unreal/SurviveVenus/SurviveVenus/Saved/Config/Windows/Scalability.ini]
[2019.12.04-14.11.06:113][  0]LogConfig: Setting CVar [[r.TranslucencyLightingVolumeDim:64]]
[2019.12.04-14.11.06:113][  0]LogConfig: Setting CVar [[r.RefractionQuality:2]]
[2019.12.04-14.11.06:113][  0]LogConfig: Setting CVar [[r.SSR.Quality:3]]
[2019.12.04-14.11.06:113][  0]LogConfig: Setting CVar [[r.SceneColorFormat:4]]
[2019.12.04-14.11.06:113][  0]LogConfig: Setting CVar [[r.DetailMode:2]]
[2019.12.04-14.11.06:113][  0]LogConfig: Setting CVar [[r.TranslucencyVolumeBlur:1]]
[2019.12.04-14.11.06:113][  0]LogConfig: Setting CVar [[r.MaterialQualityLevel:1 ; High quality]]
[2019.12.04-14.11.06:113][  0]LogConfig: Setting CVar [[r.SSS.Scale:1]]
[2019.12.04-14.11.06:113][  0]LogConfig: Setting CVar [[r.SSS.SampleSet:2]]
[2019.12.04-14.11.06:113][  0]LogConfig: Setting CVar [[r.SSS.Quality:1]]
[2019.12.04-14.11.06:113][  0]LogConfig: Setting CVar [[r.SSS.HalfRes:1]]
[2019.12.04-14.11.06:113][  0]LogConfig: Setting CVar [[r.EmitterSpawnRateScale:1.0]]
[2019.12.04-14.11.06:113][  0]LogConfig: Setting CVar [[r.ParticleLightQuality:2]]
[2019.12.04-14.11.06:113][  0]LogConfig: Applying CVar settings from Section [FoliageQuality@3] File [D:/Unreal/SurviveVenus/SurviveVenus/Saved/Config/Windows/Scalability.ini]
[2019.12.04-14.11.06:113][  0]LogConfig: Setting CVar [[foliage.DensityScale:1.0]]
[2019.12.04-14.11.06:113][  0]LogConfig: Setting CVar [[grass.DensityScale:1.0]]
[2019.12.04-14.11.06:114][  0]LogInit: Selected Device Profile: [Windows]
[2019.12.04-14.11.06:116][  0]LogInit: Applying CVar settings loaded from the selected device profile: [Windows]
[2019.12.04-14.11.06:133][  0]LogHAL: Display: Platform has ~ 16 GB [17095249920 / 17179869184 / 16], which maps to Larger [LargestMinGB=32, LargerMinGB=12, DefaultMinGB=8, SmallerMinGB=6, SmallestMinGB=0)
[2019.12.04-14.11.06:133][  0]LogInit: Going up to parent DeviceProfile []
[2019.12.04-14.11.06:134][  0]LogConfig: Applying CVar settings from Section [ViewDistanceQuality@3] File [D:/Unreal/SurviveVenus/SurviveVenus/Saved/Config/Windows/Scalability.ini]
[2019.12.04-14.11.06:134][  0]LogConfig: Setting CVar [[r.SkeletalMeshLODBias:0]]
[2019.12.04-14.11.06:134][  0]LogConfig: Setting CVar [[r.ViewDistanceScale:1.0]]
[2019.12.04-14.11.06:134][  0]LogConfig: Applying CVar settings from Section [AntiAliasingQuality@3] File [D:/Unreal/SurviveVenus/SurviveVenus/Saved/Config/Windows/Scalability.ini]
[2019.12.04-14.11.06:134][  0]LogConfig: Setting CVar [[r.PostProcessAAQuality:4]]
[2019.12.04-14.11.06:134][  0]LogConfig: Applying CVar settings from Section [ShadowQuality@3] File [D:/Unreal/SurviveVenus/SurviveVenus/Saved/Config/Windows/Scalability.ini]
[2019.12.04-14.11.06:134][  0]LogConfig: Setting CVar [[r.LightFunctionQuality:1]]
[2019.12.04-14.11.06:134][  0]LogConfig: Setting CVar [[r.ShadowQuality:5]]
[2019.12.04-14.11.06:134][  0]LogConfig: Setting CVar [[r.Shadow.CSM.MaxCascades:10]]
[2019.12.04-14.11.06:134][  0]LogConfig: Setting CVar [[r.Shadow.MaxResolution:2048]]
[2019.12.04-14.11.06:134][  0]LogConfig: Setting CVar [[r.Shadow.MaxCSMResolution:2048]]
[2019.12.04-14.11.06:134][  0]LogConfig: Setting CVar [[r.Shadow.RadiusThreshold:0.01]]
[2019.12.04-14.11.06:134][  0]LogConfig: Setting CVar [[r.Shadow.DistanceScale:1.0]]
[2019.12.04-14.11.06:134][  0]LogConfig: Setting CVar [[r.Shadow.CSM.TransitionScale:1.0]]
[2019.12.04-14.11.06:134][  0]LogConfig: Setting CVar [[r.Shadow.PreShadowResolutionFactor:1.0]]
[2019.12.04-14.11.06:134][  0]LogConfig: Setting CVar [[r.DistanceFieldShadowing:1]]
[2019.12.04-14.11.06:134][  0]LogConfig: Setting CVar [[r.DistanceFieldAO:1]]
[2019.12.04-14.11.06:134][  0]LogConfig: Setting CVar [[r.AOQuality:2]]
[2019.12.04-14.11.06:134][  0]LogConfig: Setting CVar [[r.VolumetricFog:1]]
[2019.12.04-14.11.06:134][  0]LogConfig: Setting CVar [[r.VolumetricFog.GridPixelSize:8]]
[2019.12.04-14.11.06:134][  0]LogConfig: Setting CVar [[r.VolumetricFog.GridSizeZ:128]]
[2019.12.04-14.11.06:134][  0]LogConfig: Setting CVar [[r.VolumetricFog.HistoryMissSupersampleCount:4]]
[2019.12.04-14.11.06:134][  0]LogConfig: Setting CVar [[r.LightMaxDrawDistanceScale:1]]
[2019.12.04-14.11.06:134][  0]LogConfig: Setting CVar [[r.CapsuleShadows:1]]
[2019.12.04-14.11.06:134][  0]LogConfig: Applying CVar settings from Section [PostProcessQuality@3] File [D:/Unreal/SurviveVenus/SurviveVenus/Saved/Config/Windows/Scalability.ini]
[2019.12.04-14.11.06:135][  0]LogConfig: Setting CVar [[r.MotionBlurQuality:4]]
[2019.12.04-14.11.06:135][  0]LogConfig: Setting CVar [[r.AmbientOcclusionMipLevelFactor:0.4]]
[2019.12.04-14.11.06:135][  0]LogConfig: Setting CVar [[r.AmbientOcclusionMaxQuality:100]]
[2019.12.04-14.11.06:135][  0]LogConfig: Setting CVar [[r.AmbientOcclusionLevels:-1]]
[2019.12.04-14.11.06:135][  0]LogConfig: Setting CVar [[r.AmbientOcclusionRadiusScale:1.0]]
[2019.12.04-14.11.06:135][  0]LogConfig: Setting CVar [[r.DepthOfFieldQuality:2]]
[2019.12.04-14.11.06:135][  0]LogConfig: Setting CVar [[r.RenderTargetPoolMin:400]]
[2019.12.04-14.11.06:135][  0]LogConfig: Setting CVar [[r.LensFlareQuality:2]]
[2019.12.04-14.11.06:135][  0]LogConfig: Setting CVar [[r.SceneColorFringeQuality:1]]
[2019.12.04-14.11.06:135][  0]LogConfig: Setting CVar [[r.EyeAdaptationQuality:2]]
[2019.12.04-14.11.06:135][  0]LogConfig: Setting CVar [[r.BloomQuality:5]]
[2019.12.04-14.11.06:135][  0]LogConfig: Setting CVar [[r.FastBlurThreshold:100]]
[2019.12.04-14.11.06:135][  0]LogConfig: Setting CVar [[r.Upscale.Quality:3]]
[2019.12.04-14.11.06:135][  0]LogConfig: Setting CVar [[r.Tonemapper.GrainQuantization:1]]
[2019.12.04-14.11.06:135][  0]LogConfig: Setting CVar [[r.LightShaftQuality:1]]
[2019.12.04-14.11.06:135][  0]LogConfig: Setting CVar [[r.Filter.SizeScale:1]]
[2019.12.04-14.11.06:135][  0]LogConfig: Setting CVar [[r.Tonemapper.Quality:5]]
[2019.12.04-14.11.06:135][  0]LogConfig: Setting CVar [[r.DOF.Gather.AccumulatorQuality:1        ; higher gathering accumulator quality]]
[2019.12.04-14.11.06:135][  0]LogConfig: Setting CVar [[r.DOF.Gather.PostfilterMethod:1          ; Median3x3 postfilering method]]
[2019.12.04-14.11.06:135][  0]LogConfig: Setting CVar [[r.DOF.Gather.EnableBokehSettings:0       ; no bokeh simulation when gathering]]
[2019.12.04-14.11.06:135][  0]LogConfig: Setting CVar [[r.DOF.Gather.RingCount:4                 ; medium number of samples when gathering]]
[2019.12.04-14.11.06:136][  0]LogConfig: Setting CVar [[r.DOF.Scatter.ForegroundCompositing:1    ; additive foreground scattering]]
[2019.12.04-14.11.06:136][  0]LogConfig: Setting CVar [[r.DOF.Scatter.BackgroundCompositing:2    ; additive background scattering]]
[2019.12.04-14.11.06:136][  0]LogConfig: Setting CVar [[r.DOF.Scatter.EnableBokehSettings:1      ; bokeh simulation when scattering]]
[2019.12.04-14.11.06:136][  0]LogConfig: Setting CVar [[r.DOF.Scatter.MaxSpriteRatio:0.1         ; only a maximum of 10% of scattered bokeh]]
[2019.12.04-14.11.06:136][  0]LogConfig: Setting CVar [[r.DOF.Recombine.Quality:1                ; cheap slight out of focus]]
[2019.12.04-14.11.06:136][  0]LogConfig: Setting CVar [[r.DOF.Recombine.EnableBokehSettings:0    ; no bokeh simulation on slight out of focus]]
[2019.12.04-14.11.06:136][  0]LogConfig: Setting CVar [[r.DOF.TemporalAAQuality:1                ; more stable temporal accumulation]]
[2019.12.04-14.11.06:136][  0]LogConfig: Setting CVar [[r.DOF.Kernel.MaxForegroundRadius:0.025]]
[2019.12.04-14.11.06:136][  0]LogConfig: Setting CVar [[r.DOF.Kernel.MaxBackgroundRadius:0.025]]
[2019.12.04-14.11.06:136][  0]LogConfig: Applying CVar settings from Section [TextureQuality@3] File [D:/Unreal/SurviveVenus/SurviveVenus/Saved/Config/Windows/Scalability.ini]
[2019.12.04-14.11.06:136][  0]LogConfig: Setting CVar [[r.Streaming.MipBias:0]]
[2019.12.04-14.11.06:136][  0]LogConfig: Setting CVar [[r.Streaming.AmortizeCPUToGPUCopy:0]]
[2019.12.04-14.11.06:136][  0]LogConfig: Setting CVar [[r.Streaming.MaxNumTexturesToStreamPerFrame:0]]
[2019.12.04-14.11.06:136][  0]LogConfig: Setting CVar [[r.Streaming.Boost:1]]
[2019.12.04-14.11.06:136][  0]LogConfig: Setting CVar [[r.MaxAnisotropy:8]]
[2019.12.04-14.11.06:136][  0]LogConfig: Setting CVar [[r.Streaming.LimitPoolSizeToVRAM:0]]
[2019.12.04-14.11.06:136][  0]LogConfig: Setting CVar [[r.Streaming.PoolSize:1000]]
[2019.12.04-14.11.06:136][  0]LogConfig: Setting CVar [[r.Streaming.MaxEffectiveScreenSize:0]]
[2019.12.04-14.11.06:136][  0]LogConfig: Applying CVar settings from Section [EffectsQuality@3] File [D:/Unreal/SurviveVenus/SurviveVenus/Saved/Config/Windows/Scalability.ini]
[2019.12.04-14.11.06:136][  0]LogConfig: Setting CVar [[r.TranslucencyLightingVolumeDim:64]]
[2019.12.04-14.11.06:136][  0]LogConfig: Setting CVar [[r.RefractionQuality:2]]
[2019.12.04-14.11.06:137][  0]LogConfig: Setting CVar [[r.SSR.Quality:3]]
[2019.12.04-14.11.06:137][  0]LogConfig: Setting CVar [[r.SceneColorFormat:4]]
[2019.12.04-14.11.06:137][  0]LogConfig: Setting CVar [[r.DetailMode:2]]
[2019.12.04-14.11.06:137][  0]LogConfig: Setting CVar [[r.TranslucencyVolumeBlur:1]]
[2019.12.04-14.11.06:137][  0]LogConfig: Setting CVar [[r.MaterialQualityLevel:1 ; High quality]]
[2019.12.04-14.11.06:137][  0]LogConfig: Setting CVar [[r.SSS.Scale:1]]
[2019.12.04-14.11.06:137][  0]LogConfig: Setting CVar [[r.SSS.SampleSet:2]]
[2019.12.04-14.11.06:137][  0]LogConfig: Setting CVar [[r.SSS.Quality:1]]
[2019.12.04-14.11.06:137][  0]LogConfig: Setting CVar [[r.SSS.HalfRes:1]]
[2019.12.04-14.11.06:137][  0]LogConfig: Setting CVar [[r.EmitterSpawnRateScale:1.0]]
[2019.12.04-14.11.06:137][  0]LogConfig: Setting CVar [[r.ParticleLightQuality:2]]
[2019.12.04-14.11.06:137][  0]LogConfig: Applying CVar settings from Section [FoliageQuality@3] File [D:/Unreal/SurviveVenus/SurviveVenus/Saved/Config/Windows/Scalability.ini]
[2019.12.04-14.11.06:137][  0]LogConfig: Setting CVar [[foliage.DensityScale:1.0]]
[2019.12.04-14.11.06:137][  0]LogConfig: Setting CVar [[grass.DensityScale:1.0]]
[2019.12.04-14.11.06:137][  0]LogConfig: Applying CVar settings from Section [Startup] File [../../../Engine/Config/ConsoleVariables.ini]
[2019.12.04-14.11.06:144][  0]LogConfig: Setting CVar [[net.UseAdaptiveNetUpdateFrequency:0]]
[2019.12.04-14.11.06:144][  0]LogConfig: Setting CVar [[p.chaos.AllowCreatePhysxBodies:1]]
[2019.12.04-14.11.06:144][  0]LogConfig: Applying CVar settings from Section [ConsoleVariables] File [D:/Unreal/SurviveVenus/SurviveVenus/Saved/Config/Windows/Engine.ini]
[2019.12.04-14.11.06:144][  0]LogInit: Computer: 516-146958-LP
[2019.12.04-14.11.06:144][  0]LogInit: User: 402710
[2019.12.04-14.11.06:144][  0]LogInit: CPU Page size=4096, Cores=6
[2019.12.04-14.11.06:144][  0]LogInit: High frequency timer resolution =10.000000 MHz
[2019.12.04-14.11.06:144][  0]LogMemory: Memory total: Physical=15.9GB (16GB approx)
[2019.12.04-14.11.06:145][  0]LogMemory: Platform Memory Stats for Windows
[2019.12.04-14.11.06:145][  0]LogMemory: Process Physical Memory: 105.52 MB used, 105.53 MB peak
[2019.12.04-14.11.06:145][  0]LogMemory: Process Virtual Memory: 113.71 MB used, 113.71 MB peak
[2019.12.04-14.11.06:145][  0]LogMemory: Physical Memory: 5126.57 MB used,  11176.73 MB free, 16303.30 MB total
[2019.12.04-14.11.06:145][  0]LogMemory: Virtual Memory: 4699.82 MB used,  134213032.00 MB free, 134217728.00 MB total
[2019.12.04-14.11.06:177][  0]LogWindows: WindowsPlatformFeatures enabled
[2019.12.04-14.11.06:645][  0]LogInit: Using OS detected language (en-US).
[2019.12.04-14.11.06:645][  0]LogInit: Using OS detected locale (en-US).
[2019.12.04-14.11.06:651][  0]LogTextLocalizationManager: No specific localization for 'en-US' exists, so the 'en' localization will be used.
[2019.12.04-14.11.07:139][  0]LogInit: Setting process to per monitor DPI aware
[2019.12.04-14.11.07:212][  0]LogSlate: New Slate User Created.  User Index 0, Is Virtual User: 0
[2019.12.04-14.11.07:212][  0]LogSlate: Slate User Registered.  User Index 0, Is Virtual User: 0
[2019.12.04-14.11.07:764][  0]LogHMD: Failed to initialize OpenVR with code 110
[2019.12.04-14.11.07:764][  0]LogD3D11RHI: D3D11 adapters:
[2019.12.04-14.11.07:917][  0]LogD3D11RHI:    0. 'NVIDIA GeForce RTX 2070 with Max-Q Design' (Feature Level 11_0)
[2019.12.04-14.11.07:917][  0]LogD3D11RHI:       8031/0/8151 MB DedicatedVideo/DedicatedSystem/SharedSystem, Outputs:1, VendorId:0x10de
[2019.12.04-14.11.07:927][  0]LogD3D11RHI:    1. 'Microsoft Basic Render Driver' (Feature Level 11_0)
[2019.12.04-14.11.07:927][  0]LogD3D11RHI:       0/0/8151 MB DedicatedVideo/DedicatedSystem/SharedSystem, Outputs:0, VendorId:0x1414
[2019.12.04-14.11.07:927][  0]LogD3D11RHI: Chosen D3D11 Adapter: 0
[2019.12.04-14.11.07:963][  0]LogD3D11RHI: Creating new Direct3DDevice
[2019.12.04-14.11.07:964][  0]LogD3D11RHI:     GPU DeviceId: 0x1f50 (for the marketing name, search the web for "GPU Device Id")
[2019.12.04-14.11.07:964][  0]LogWindows: EnumDisplayDevices:
[2019.12.04-14.11.07:964][  0]LogWindows:    0. 'NVIDIA GeForce RTX 2070 with Max-Q Design' (P:1 D:1)
[2019.12.04-14.11.07:965][  0]LogWindows:    1. 'NVIDIA GeForce RTX 2070 with Max-Q Design' (P:0 D:0)
[2019.12.04-14.11.07:965][  0]LogWindows:    2. 'NVIDIA GeForce RTX 2070 with Max-Q Design' (P:0 D:0)
[2019.12.04-14.11.07:965][  0]LogWindows:    3. 'NVIDIA GeForce RTX 2070 with Max-Q Design' (P:0 D:0)
[2019.12.04-14.11.07:965][  0]LogWindows: DebugString: FoundDriverCount:4 
[2019.12.04-14.11.07:965][  0]LogD3D11RHI:     Adapter Name: NVIDIA GeForce RTX 2070 with Max-Q Design
[2019.12.04-14.11.07:966][  0]LogD3D11RHI:   Driver Version: 431.65 (internal:26.21.14.3165, unified:431.65)
[2019.12.04-14.11.07:966][  0]LogD3D11RHI:      Driver Date: 7-22-2019
[2019.12.04-14.11.07:966][  0]LogRHI: Texture pool is 5621 MB (70% of 8031 MB)
[2019.12.04-14.11.08:059][  0]LogD3D11RHI: Async texture creation enabled
[2019.12.04-14.11.08:083][  0]LogD3D11RHI: GPU Timing Frequency: 1000.000000 (Debug: 2 1)
[2019.12.04-14.11.08:130][  0]LogD3D11RHI: HDR output is supported on display 0 (NvId: 0x80061086).
[2019.12.04-14.11.08:998][  0]LogTemp: Display: Module 'AllDesktopTargetPlatform' loaded TargetPlatform 'AllDesktop'
[2019.12.04-14.11.09:031][  0]LogTemp: Display: Module 'MacClientTargetPlatform' loaded TargetPlatform 'MacClient'
[2019.12.04-14.11.09:076][  0]LogTemp: Display: Module 'MacNoEditorTargetPlatform' loaded TargetPlatform 'MacNoEditor'
[2019.12.04-14.11.09:119][  0]LogTemp: Display: Module 'MacServerTargetPlatform' loaded TargetPlatform 'MacServer'
[2019.12.04-14.11.09:163][  0]LogTemp: Display: Module 'MacTargetPlatform' loaded TargetPlatform 'Mac'
[2019.12.04-14.11.09:208][  0]LogTemp: Display: Module 'WindowsClientTargetPlatform' loaded TargetPlatform 'WindowsClient'
[2019.12.04-14.11.09:250][  0]LogTemp: Display: Module 'WindowsNoEditorTargetPlatform' loaded TargetPlatform 'WindowsNoEditor'
[2019.12.04-14.11.09:291][  0]LogTemp: Display: Module 'WindowsServerTargetPlatform' loaded TargetPlatform 'WindowsServer'
[2019.12.04-14.11.09:320][  0]LogTemp: Display: Module 'WindowsTargetPlatform' loaded TargetPlatform 'Windows'
[2019.12.04-14.11.09:428][  0]LogTemp: Display: Module 'AndroidTargetPlatform' loaded TargetPlatform 'Android'
[2019.12.04-14.11.09:428][  0]LogTemp: Display: Module 'AndroidTargetPlatform' loaded TargetPlatform 'Android_ASTC'
[2019.12.04-14.11.09:428][  0]LogTemp: Display: Module 'AndroidTargetPlatform' loaded TargetPlatform 'Android_ATC'
[2019.12.04-14.11.09:428][  0]LogTemp: Display: Module 'AndroidTargetPlatform' loaded TargetPlatform 'Android_DXT'
[2019.12.04-14.11.09:428][  0]LogTemp: Display: Module 'AndroidTargetPlatform' loaded TargetPlatform 'Android_ETC1'
[2019.12.04-14.11.09:428][  0]LogTemp: Display: Module 'AndroidTargetPlatform' loaded TargetPlatform 'Android_ETC1a'
[2019.12.04-14.11.09:428][  0]LogTemp: Display: Module 'AndroidTargetPlatform' loaded TargetPlatform 'Android_ETC2'
[2019.12.04-14.11.09:428][  0]LogTemp: Display: Module 'AndroidTargetPlatform' loaded TargetPlatform 'Android_PVRTC'
[2019.12.04-14.11.09:428][  0]LogTemp: Display: Module 'AndroidTargetPlatform' loaded TargetPlatform 'AndroidClient'
[2019.12.04-14.11.09:428][  0]LogTemp: Display: Module 'AndroidTargetPlatform' loaded TargetPlatform 'Android_ASTCClient'
[2019.12.04-14.11.09:428][  0]LogTemp: Display: Module 'AndroidTargetPlatform' loaded TargetPlatform 'Android_ATCClient'
[2019.12.04-14.11.09:428][  0]LogTemp: Display: Module 'AndroidTargetPlatform' loaded TargetPlatform 'Android_DXTClient'
[2019.12.04-14.11.09:428][  0]LogTemp: Display: Module 'AndroidTargetPlatform' loaded TargetPlatform 'Android_ETC1Client'
[2019.12.04-14.11.09:428][  0]LogTemp: Display: Module 'AndroidTargetPlatform' loaded TargetPlatform 'Android_ETC1aClient'
[2019.12.04-14.11.09:428][  0]LogTemp: Display: Module 'AndroidTargetPlatform' loaded TargetPlatform 'Android_ETC2Client'
[2019.12.04-14.11.09:428][  0]LogTemp: Display: Module 'AndroidTargetPlatform' loaded TargetPlatform 'Android_PVRTCClient'
[2019.12.04-14.11.09:428][  0]LogTemp: Display: Module 'AndroidTargetPlatform' loaded TargetPlatform 'Android_Multi'
[2019.12.04-14.11.09:428][  0]LogTemp: Display: Module 'AndroidTargetPlatform' loaded TargetPlatform 'Android_MultiClient'
[2019.12.04-14.11.09:446][  0]LogTemp: Display: Module 'HTML5TargetPlatform' loaded TargetPlatform 'HTML5'
[2019.12.04-14.11.09:553][  0]LogTemp: Display: Module 'IOSTargetPlatform' loaded TargetPlatform 'IOSClient'
[2019.12.04-14.11.09:553][  0]LogTemp: Display: Module 'IOSTargetPlatform' loaded TargetPlatform 'IOS'
[2019.12.04-14.11.09:614][  0]LogTemp: Display: Module 'TVOSTargetPlatform' loaded TargetPlatform 'TVOSClient'
[2019.12.04-14.11.09:614][  0]LogTemp: Display: Module 'TVOSTargetPlatform' loaded TargetPlatform 'TVOS'
[2019.12.04-14.11.09:657][  0]LogTemp: Display: Module 'LinuxClientTargetPlatform' loaded TargetPlatform 'LinuxClient'
[2019.12.04-14.11.09:697][  0]LogTemp: Display: Module 'LinuxNoEditorTargetPlatform' loaded TargetPlatform 'LinuxNoEditor'
[2019.12.04-14.11.09:738][  0]LogTemp: Display: Module 'LinuxServerTargetPlatform' loaded TargetPlatform 'LinuxServer'
[2019.12.04-14.11.09:788][  0]LogTemp: Display: Module 'LinuxTargetPlatform' loaded TargetPlatform 'Linux'
[2019.12.04-14.11.09:883][  0]LogTemp: Display: Module 'LuminTargetPlatform' loaded TargetPlatform 'Lumin'
[2019.12.04-14.11.09:883][  0]LogTemp: Display: Module 'LuminTargetPlatform' loaded TargetPlatform 'LuminClient'
[2019.12.04-14.11.09:883][  0]LogTargetPlatformManager: Display: Building Assets For Windows
[2019.12.04-14.11.09:996][  0]LogAudioDebug: Display: Lib vorbis DLL was dynamically loaded.
[2019.12.04-14.11.10:646][  0]LogShaderCompilers: Guid format shader working directory is -16 characters bigger than the processId version (D:/Unreal/SurviveVenus/SurviveVenus/Intermediate/Shaders/WorkingDirectory/39024/).
[2019.12.04-14.11.10:646][  0]LogShaderCompilers: Cleaned the shader compiler working directory 'C:/Temp/UnrealShaderWorkingDir/4CE7A9CA42619F7F36E831B8F05C9EB3/'.
[2019.12.04-14.11.10:656][  0]LogXGEController: Cleaning working directory: C:/Temp/UnrealXGEWorkingDir/
[2019.12.04-14.11.10:656][  0]LogXGEController: Cannot use XGE Controller as Incredibuild is not installed on this machine.
[2019.12.04-14.11.10:657][  0]LogShaderCompilers: Cannot use XGE Shader Compiler as Incredibuild is not installed on this machine.
[2019.12.04-14.11.10:657][  0]LogShaderCompilers: Display: Using Local Shader Compiler.
[2019.12.04-14.11.12:139][  0]LogDerivedDataCache: Display: Max Cache Size: 512 MB
[2019.12.04-14.11.12:277][  0]LogDerivedDataCache: Loaded boot cache 0.14s 73MB C:/Users/402710/AppData/Local/UnrealEngine/4.23/DerivedDataCache/Boot.ddc.
[2019.12.04-14.11.12:278][  0]LogDerivedDataCache: Display: Loaded Boot cache: C:/Users/402710/AppData/Local/UnrealEngine/4.23/DerivedDataCache/Boot.ddc
[2019.12.04-14.11.12:278][  0]LogDerivedDataCache: FDerivedDataBackendGraph:  Pak pak cache file D:/Unreal/SurviveVenus/SurviveVenus/DerivedDataCache/DDC.ddp not found, will not use a pak cache.
[2019.12.04-14.11.12:278][  0]LogDerivedDataCache: Unable to find inner node Pak for hierarchical cache Hierarchy.
[2019.12.04-14.11.12:278][  0]LogDerivedDataCache: FDerivedDataBackendGraph:  CompressedPak pak cache file D:/Unreal/SurviveVenus/SurviveVenus/DerivedDataCache/Compressed.ddp not found, will not use a pak cache.
[2019.12.04-14.11.12:278][  0]LogDerivedDataCache: Unable to find inner node CompressedPak for hierarchical cache Hierarchy.
[2019.12.04-14.11.12:299][  0]LogDerivedDataCache: Display: Pak cache opened for reading ../../../Engine/DerivedDataCache/Compressed.ddp.
[2019.12.04-14.11.12:304][  0]LogDerivedDataCache: Display: Pak cache opened for reading ../../../Enterprise/DerivedDataCache/Compressed.ddp.
[2019.12.04-14.11.12:306][  0]LogDerivedDataCache: Using Local data cache path C:/Users/402710/AppData/Local/UnrealEngine/Common/DerivedDataCache: Writable
[2019.12.04-14.11.12:306][  0]LogDerivedDataCache: Shared data cache path not found in *engine.ini, will not use an Shared cache.
[2019.12.04-14.11.12:306][  0]LogDerivedDataCache: Unable to find inner node Shared for hierarchical cache Hierarchy.
[2019.12.04-14.11.12:361][  0]LogMaterial: Verifying Global Shaders for PCD3D_SM5
[2019.12.04-14.11.12:375][  0]LogSlate: Using FreeType 2.6.0
[2019.12.04-14.11.12:385][  0]LogSlate: SlateFontServices - WITH_FREETYPE: 1, WITH_HARFBUZZ: 1
[2019.12.04-14.11.12:743][  0]LogAssetRegistry: FAssetRegistry took 0.0111 seconds to start up
[2019.12.04-14.11.13:722][  0]LogInit: Selected Device Profile: [Windows]
[2019.12.04-14.11.14:367][  0]LogMeshReduction: Using QuadricMeshReduction for automatic static mesh reduction
[2019.12.04-14.11.14:367][  0]LogMeshReduction: Using SimplygonMeshReduction for automatic skeletal mesh reduction
[2019.12.04-14.11.14:367][  0]LogMeshReduction: Using ProxyLODMeshReduction for automatic mesh merging
[2019.12.04-14.11.14:367][  0]LogMeshReduction: No distributed automatic mesh merging module available
[2019.12.04-14.11.14:368][  0]LogMeshMerging: No distributed automatic mesh merging module available
[2019.12.04-14.11.14:429][  0]LogNetVersion: SurviveVenus 1.0.0, NetCL: 8386587, EngineNetVer: 11, GameNetVer: 0 (Checksum: 2904227483)
[2019.12.04-14.11.15:784][  0]LogPackageLocalizationCache: Processed 18 localized package path(s) for 1 prioritized culture(s) in 0.143217 seconds
[2019.12.04-14.11.15:803][  0]LogUObjectArray: 43444 objects as part of root set at end of initial load.
[2019.12.04-14.11.15:803][  0]LogUObjectAllocator: 7548648 out of 0 bytes used by permanent object pool.
[2019.12.04-14.11.15:803][  0]LogUObjectArray: CloseDisregardForGC: 0/0 objects in disregard for GC pool
[2019.12.04-14.11.21:365][  0]LogTcpMessaging: Initializing TcpMessaging bridge
[2019.12.04-14.11.21:395][  0]LogUdpMessaging: Initializing bridge on interface 0.0.0.0:0 to multicast group 230.0.0.1:6666.
[2019.12.04-14.11.21:928][  0]SourceControl: Source control is disabled
[2019.12.04-14.11.21:928][  0]SourceControl: Source control is disabled
[2019.12.04-14.11.21:969][  0]SourceControl: Source control is disabled
[2019.12.04-14.11.21:996][  0]SourceControl: Source control is disabled
[2019.12.04-14.11.23:835][  0]LogAndroidPermission: UAndroidPermissionCallbackProxy::GetInstance
[2019.12.04-14.11.24:285][  0]LogOcInput: OculusInput pre-init called
[2019.12.04-14.11.24:342][  0]LogWindows: Failed to load 'OVRPlugin.dll' (GetLastError=126)
[2019.12.04-14.11.24:342][  0]LogWindows: File 'OVRPlugin.dll' does not exist
[2019.12.04-14.11.31:063][  0]LogEngine: Initializing Engine...
[2019.12.04-14.11.31:070][  0]LogHMD: Failed to initialize OpenVR with code 110
[2019.12.04-14.11.31:076][  0]LogStats: UGameplayTagsManager::InitializeManager -  0.002 s
[2019.12.04-14.11.31:705][  0]LogInit: Initializing FReadOnlyCVARCache
[2019.12.04-14.11.31:822][  0]LogAIModule: Creating AISystem for world Untitled
[2019.12.04-14.11.31:950][  0]LogInit: XAudio2 using 'Speakers (Realtek(R) Audio)' : 2 channels at 48 kHz using 32 bits per sample (channel mask 0x3)
[2019.12.04-14.11.32:125][  0]LogInit: FAudioDevice initialized.
[2019.12.04-14.11.32:127][  0]LogNetVersion: Set ProjectVersion to 1.0.0.0. Version Checksum will be recalculated on next use.
[2019.12.04-14.11.32:252][  0]LogDerivedDataCache: Saved boot cache 0.13s 74MB C:/Users/402710/AppData/Local/UnrealEngine/4.23/DerivedDataCache/Boot.ddc.
[2019.12.04-14.11.32:262][  0]LogInit: Texture streaming: Enabled
[2019.12.04-14.11.32:386][  0]LogEngineSessionManager: EngineSessionManager initialized
[2019.12.04-14.11.32:386][  0]LogEngineSessionManager: EngineSessionManager sent abnormal shutdown report. Type=AbnormalShutdown, SessionId={14BFAC87-4548-9D59-E7C3-4BBE506E8917}
[2019.12.04-14.11.32:386][  0]LogEditorSessionSummary: Verbose: Initializing EditorSessionSummaryWriter for editor session tracking
[2019.12.04-14.11.32:395][  0]LogEditorSessionSummary: EditorSessionSummaryWriter initialized
[2019.12.04-14.11.32:620][  0]LogInit: Transaction tracking system initialized
[2019.12.04-14.11.32:861][  0]BlueprintLog: New page: Editor Load
[2019.12.04-14.11.33:493][  0]LocalizationService: Localization service is disabled
[2019.12.04-14.11.34:758][  0]LogFileCache: Scanning file cache for directory 'D:/Unreal/SurviveVenus/SurviveVenus/Content/' took 0.01s
[2019.12.04-14.11.34:758][  0]LogCook: Display: Max memory allowance for cook 16384mb min free memory 0mb
[2019.12.04-14.11.34:758][  0]LogCook: Display: Mobile HDR setting 1
[2019.12.04-14.11.38:108][  0]SourceControl: Source control is disabled
[2019.12.04-14.11.38:112][  0]Cmd: MAP LOAD FILE="D:/Unreal/SurviveVenus/SurviveVenus/Content/ThirdPersonBP/Maps/ThirdPersonExampleMap.umap" TEMPLATE=0 SHOWPROGRESS=1 FEATURELEVEL=3
[2019.12.04-14.11.38:118][  0]LightingResults: New page: Lighting Build
[2019.12.04-14.11.38:143][  0]LogWorld: UWorld::CleanupWorld for Untitled, bSessionEnded=true, bCleanupResources=true
[2019.12.04-14.11.38:153][  0]MapCheck: New page: Map Check
[2019.12.04-14.11.38:153][  0]LightingResults: New page: Lighting Build
[2019.12.04-14.11.38:271][  0]LogUObjectHash: Compacting FUObjectHashTables data took   4.87ms
[2019.12.04-14.11.38:626][  0]LogLinker: Warning: While loading 'D:/Unreal/SurviveVenus/SurviveVenus/Content/ThirdPersonBP/Maps/ThirdPersonExampleMap.umap' failed to load '/Game/ThirdPersonBP/Maps/ThirdPersonExampleMap_BuiltData': Can't find file.
[2019.12.04-14.11.38:626][  0]LogLinker: Warning: While loading 'D:/Unreal/SurviveVenus/SurviveVenus/Content/ThirdPersonBP/Maps/ThirdPersonExampleMap.umap' failed to load '/Game/ThirdPersonBP/Maps/ThirdPersonExampleMap_BuiltData': Can't find file.
[2019.12.04-14.11.38:644][  0]LogLinker: Warning: While loading 'D:/Unreal/SurviveVenus/SurviveVenus/Content/ThirdPersonBP/Maps/ThirdPersonExampleMap.umap' failed to load '/Game/ThirdPersonBP/Maps/ThirdPersonExampleMap_BuiltData': Can't find file.
[2019.12.04-14.11.38:645][  0]LogLinker: Warning: While loading 'D:/Unreal/SurviveVenus/SurviveVenus/Content/ThirdPersonBP/Maps/ThirdPersonExampleMap.umap' failed to load '/Game/ThirdPersonBP/Maps/ThirdPersonExampleMap_BuiltData': Can't find file.
[2019.12.04-14.11.38:648][  0]LogLinker: Warning: Failed to load '/Game/ThirdPersonBP/Maps/ThirdPersonExampleMap_BuiltData': Can't find file.
[2019.12.04-14.11.38:649][  0]LogLinker: Warning: Failed to load '/Game/ThirdPersonBP/Maps/ThirdPersonExampleMap_BuiltData': Can't find file.
[2019.12.04-14.11.38:649][  0]LogLinker: Warning: Failed to load '/Game/ThirdPersonBP/Maps/ThirdPersonExampleMap_BuiltData': Can't find file.
[2019.12.04-14.11.38:649][  0]LogLinker: Warning: Failed to load '/Game/ThirdPersonBP/Maps/ThirdPersonExampleMap_BuiltData': Can't find file.
[2019.12.04-14.11.38:662][  0]LogLinker: Warning: While loading 'D:/Unreal/SurviveVenus/SurviveVenus/Content/ThirdPersonBP/Maps/ThirdPersonExampleMap.umap' failed to load '/Game/ThirdPersonBP/Maps/ThirdPersonExampleMap_BuiltData': Can't find file.
[2019.12.04-14.11.38:662][  0]LoadErrors: Failed to load /Game/ThirdPersonBP/Maps/ThirdPersonExampleMap_BuiltData.ThirdPersonExampleMap_BuiltData Referenced by PersistentLevel
[2019.12.04-14.11.38:662][  0]LogLinker: Warning: While loading 'D:/Unreal/SurviveVenus/SurviveVenus/Content/ThirdPersonBP/Maps/ThirdPersonExampleMap.umap' failed to load '/Game/ThirdPersonBP/Maps/ThirdPersonExampleMap_BuiltData': Can't find file.
[2019.12.04-14.11.38:662][  0]LoadErrors: Failed to load /Game/ThirdPersonBP/Maps/ThirdPersonExampleMap_BuiltData.ThirdPersonExampleMap_BuiltData Referenced by PersistentLevel
[2019.12.04-14.11.38:903][  0]LogAIModule: Creating AISystem for world ThirdPersonExampleMap
[2019.12.04-14.11.38:957][  0]LogEditorServer: Finished looking for orphan Actors (0.000 secs)
[2019.12.04-14.11.39:006][  0]LogUObjectHash: Compacting FUObjectHashTables data took   2.86ms
[2019.12.04-14.11.39:007][  0]Cmd: MAP CHECKDEP NOCLEARLOG
[2019.12.04-14.11.39:008][  0]MapCheck: Map check complete: 0 Error(s), 0 Warning(s), took 0.687ms to complete.
[2019.12.04-14.11.39:008][  0]LogFileHelpers: Loading map 'ThirdPersonExampleMap' took 0.898
[2019.12.04-14.11.39:303][  0]LogSlate: Updating window title bar state: overlay mode, drag disabled, window buttons hidden, title bar hidden
[2019.12.04-14.11.39:319][  0]LogSlate: Updating window title bar state: overlay mode, drag disabled, window buttons hidden, title bar hidden
[2019.12.04-14.11.39:332][  0]LogSlate: Updating window title bar state: overlay mode, drag disabled, window buttons hidden, title bar hidden
[2019.12.04-14.11.39:346][  0]LogSlate: Updating window title bar state: overlay mode, drag disabled, window buttons hidden, title bar hidden
[2019.12.04-14.11.39:393][  0]LogCollectionManager: Loaded 0 collections in 0.005508 seconds
[2019.12.04-14.11.39:433][  0]LogFileCache: Scanning file cache for directory 'D:/Unreal/SurviveVenus/SurviveVenus/Saved/Collections/' took 0.00s
[2019.12.04-14.11.39:433][  0]LogFileCache: Scanning file cache for directory 'D:/Unreal/SurviveVenus/SurviveVenus/Content/Developers/402710/Collections/' took 0.00s
[2019.12.04-14.11.39:433][  0]LogFileCache: Scanning file cache for directory 'D:/Unreal/SurviveVenus/SurviveVenus/Content/Collections/' took 0.00s
[2019.12.04-14.11.39:433][  0]LogCollectionManager: Rebuilt the GUID cache for 0 collections in 0.000003 seconds
[2019.12.04-14.11.39:455][  0]LogContentBrowser: Native class hierarchy populated in 0.0192 seconds. Added 3045 classes and 765 folders.
[2019.12.04-14.11.39:481][  0]LogContentBrowser: Native class hierarchy updated for 'WidgetCarousel' in 0.0005 seconds. Added 0 classes and 0 folders.
[2019.12.04-14.11.39:773][  0]LogContentBrowser: Native class hierarchy updated for 'AddContentDialog' in 0.0004 seconds. Added 0 classes and 0 folders.
[2019.12.04-14.11.39:784][  0]LogContentBrowser: Native class hierarchy updated for 'SceneOutliner' in 0.0004 seconds. Added 1 classes and 0 folders.
[2019.12.04-14.11.40:011][  0]LogSlate: Took 0.000957 seconds to synchronously load lazily loaded font '../../../Engine/Content/Slate/Fonts/Roboto-Regular.ttf' (155K)
[2019.12.04-14.11.40:015][  0]LogSlate: Took 0.000957 seconds to synchronously load lazily loaded font '../../../Engine/Content/Slate/Fonts/Roboto-Bold.ttf' (160K)
[2019.12.04-14.11.40:024][  0]LogSlate: Took 0.000930 seconds to synchronously load lazily loaded font '../../../Engine/Content/Editor/Slate/Fonts/FontAwesome.ttf' (139K)
[2019.12.04-14.11.40:153][  0]LogRenderer: Reallocating scene render targets to support 940x428 Format 10 NumSamples 1 (Frame:1).
[2019.12.04-14.11.40:481][  0]LogContentBrowser: Native class hierarchy updated for 'HierarchicalLODOutliner' in 0.0005 seconds. Added 0 classes and 0 folders.
[2019.12.04-14.11.40:482][  0]LogLoad: (Engine Initialization) Total time: 41.57 seconds
[2019.12.04-14.11.40:482][  0]LogLoad: (Engine Initialization) Total Blueprint compile time: 0.00 seconds
[2019.12.04-14.11.40:563][  0]LogContentStreaming: Texture pool size now 1000 MB
[2019.12.04-14.11.40:576][  0]LogSlate: FSceneViewport::OnFocusLost() reason 5
[2019.12.04-14.11.40:642][  0]LogSlate: Took 0.000757 seconds to synchronously load lazily loaded font '../../../Engine/Content/Slate/Fonts/Roboto-Light.ttf' (167K)
[2019.12.04-14.11.40:976][  3]LogAssetRegistry: Asset discovery search completed in 28.2348 seconds
[2019.12.04-14.11.40:982][  3]LogCollectionManager: Rebuilt the object cache for 0 collections in 0.000006 seconds (found 0 objects)
[2019.12.04-14.11.40:982][  3]LogCollectionManager: Fixed up redirectors for 0 collections in 0.000077 seconds (updated 0 objects)
[2019.12.04-14.11.50:869][193]LogSlate: Window 'Message Log' being destroyed
[2019.12.04-14.11.51:008][193]LogSlate: Window 'Message Log' being destroyed
[2019.12.04-14.11.58:144][347]LogSlate: FSceneViewport::OnFocusLost() reason 2
[2019.12.04-14.12.00:366][380]LogSlate: FSceneViewport::OnFocusLost() reason 5
[2019.12.04-14.12.10:362][536]LogWindows: Warning: CreateProc failed: The system cannot find the file specified. (0x00000002)
[2019.12.04-14.12.10:362][536]LogWindows: Warning: URL: C:/Program Files/Git/bin/git.exe version
[2019.12.04-14.12.10:363][536]LogWindows: Warning: CreateProc failed: The system cannot find the file specified. (0x00000002)
[2019.12.04-14.12.10:363][536]LogWindows: Warning: URL: C:/Program Files (x86)/Git/bin/git.exe version
[2019.12.04-14.12.14:711][579]LogSlate: Window 'Source Control Login' being destroyed
[2019.12.04-14.12.40:513][319]LogEditorSessionSummary: EditorSessionSummary sent report. Type=AbnormalShutdown, SessionId={14BFAC87-4548-9D59-E7C3-4BBE506E8917}
